Arguments: 
  /usr/local/Cellar/node/9.11.1/bin/node /usr/local/bin/yarn add express

PATH: 
  /Library/Java/JavaVirtualMachines/jdk1.8.0_171.jdk/Contents/Home/bin:/usr/local/bin:/usr/bin:/bin:/usr/sbin:/sbin:/Users/gaoyizhen736/Library/Android/sdk/tools:/Users/gaoyizhen736/Library/Android/sdk/platform-tools

Yarn version: 
  1.6.0

Node version: 
  9.11.1

Platform: 
  darwin x64

Trace: 
  SyntaxError: /Users/gaoyizhen736/Desktop/nlearn/package.json: Unexpected end of JSON input
      at JSON.parse (<anonymous>)
      at /usr/local/lib/node_modules/yarn/lib/cli.js:1130:59
      at Generator.next (<anonymous>)
      at step (/usr/local/lib/node_modules/yarn/lib/cli.js:98:30)
      at /usr/local/lib/node_modules/yarn/lib/cli.js:109:13
      at <anonymous>

npm manifest: 
  

yarn manifest: 
  No manifest

Lockfile: 
  No lockfile
